<?xml version="1.0" encoding="UTF-8"?>
<!-- Generated by org.testng.reporters.JUnitXMLReporter -->
<testsuite hostname="DEL1-LHP-N01938" ignored="0" name="flight" tests="5" failures="0" timestamp="25 May 2020 18:02:22 GMT" time="70.7" errors="0">
  <testcase name="registrationPage" time="42.777" classname="com.newtours.test.BookFlightTest"/>
  <testcase name="registrationConfirmation" time="2.009" classname="com.newtours.test.BookFlightTest"/>
  <testcase name="flightDetailsPage" time="2.102" classname="com.newtours.test.BookFlightTest"/>
  <testcase name="findFlightPage" time="4.239" classname="com.newtours.test.BookFlightTest"/>
  <testcase name="flightConfirmationPage" time="2.176" classname="com.newtours.test.BookFlightTest"/>
</testsuite> <!-- flight -->
